\BOOKMARK [0][-]{chapter.1}{Introducci\363n}{}% 1
\BOOKMARK [1][-]{section.1.1}{Contexto}{chapter.1}% 2
\BOOKMARK [1][-]{section.1.2}{Motivaci\363n}{chapter.1}% 3
\BOOKMARK [1][-]{section.1.3}{Objetivos}{chapter.1}% 4
\BOOKMARK [1][-]{section.1.4}{Requerimientos}{chapter.1}% 5
\BOOKMARK [0][-]{chapter.2}{An\341lisis de Opiniones}{}% 6
\BOOKMARK [1][-]{section.2.1}{Procesamiento del Lenguaje Natural}{chapter.2}% 7
\BOOKMARK [1][-]{section.2.2}{Concepto de An\341lisis de opiniones}{chapter.2}% 8
\BOOKMARK [2][-]{subsection.2.2.1}{Concepto de Opini\363n}{section.2.2}% 9
\BOOKMARK [2][-]{subsection.2.2.2}{Niveles de clasificaci\363n}{section.2.2}% 10
\BOOKMARK [0][-]{chapter.3}{Fundamentos matem\341ticos}{}% 11
\BOOKMARK [0][-]{chapter.4}{Aprendizaje Autom\341tico}{}% 12
\BOOKMARK [1][-]{section.4.1}{Concepto de Aprendizaje Autom\341tico}{chapter.4}% 13
\BOOKMARK [2][-]{subsection.4.1.1}{Tipos de aprendizaje autom\341tico.}{section.4.1}% 14
\BOOKMARK [1][-]{section.4.2}{Problema de clasificaci\363n}{chapter.4}% 15
\BOOKMARK [1][-]{section.4.3}{Optimizaci\363n basada en Gradiente Descendente}{chapter.4}% 16
\BOOKMARK [2][-]{subsection.4.3.1}{Gradiente Descendente Estoc\341stico}{section.4.3}% 17
\BOOKMARK [0][-]{chapter.5}{Deep Learning}{}% 18
\BOOKMARK [1][-]{section.5.1}{Redes Neuronales Prealimentadas}{chapter.5}% 19
\BOOKMARK [1][-]{section.5.2}{Redes Neuronales Convolucionales}{chapter.5}% 20
\BOOKMARK [1][-]{section.5.3}{Redes Neuronales Recurrentes}{chapter.5}% 21
\BOOKMARK [2][-]{subsection.5.3.1}{Long-Short Term Memory}{section.5.3}% 22
