This is pdfTeX, Version 3.14159265-2.6-1.40.16 (TeX Live 2015) (preloaded format=pdflatex 2016.5.21)  6 JUL 2018 11:19
entering extended mode
 restricted \write18 enabled.
 %&-line parsing enabled.
**separador3.tex
(./separador3.tex
LaTeX2e <2015/01/01>
Babel <3.9l> and hyphenation patterns for 79 languages loaded.

! LaTeX Error: Environment titlepage undefined.

See the LaTeX manual or LaTeX Companion for explanation.
Type  H <return>  for immediate help.
 ...                                              
                                                  
l.1 \begin{titlepage}
                     
Your command was ignored.
Type  I <command> <return>  to replace it with another command,
or  <return>  to continue without it.


! LaTeX Error: Missing \begin{document}.

See the LaTeX manual or LaTeX Companion for explanation.
Type  H <return>  for immediate help.
 ...                                              
                                                  
l.2 	\begin{center}
                   
You're in trouble here.  Try typing  <return>  to proceed.
If that doesn't work, type  X <return>  to quit.


Overfull \hbox (20.0pt too wide) in paragraph at lines 2--2
[] 
 []

! Undefined control sequence.
<argument>  \Large 
                   IMPLEMENTACI√ìN Y AN√ÅLISIS DE RESULTADOS \\[0.5cm]
l.4 ...ACI√ìN Y AN√ÅLISIS DE RESULTADOS \\[0.5cm]}
                                                  
The control sequence at the end of the top line
of your error message was never \def'ed. If you have
misspelled it (e.g., `\hobx'), type `I' and the correct
spelling (e.g., `I\hbox'). Otherwise just continue,
and I'll forget about whatever was undefined.

Missing character: There is no √ in font cmcsc10!
Missing character: There is no ì in font cmcsc10!
Missing character: There is no √ in font cmcsc10!
Missing character: There is no Å in font cmcsc10!

Overfull \hbox (17.72202pt too wide) in paragraph at lines 4--4
 \OT1/cmr/m/sc/10 IM- 
 []


Overfull \hbox (25.44417pt too wide) in paragraph at lines 4--4
 \OT1/cmr/m/sc/10 PLE- 
 []


Overfull \hbox (60.33269pt too wide) in paragraph at lines 4--4
 \OT1/cmr/m/sc/10 MENTACIN 
 []


Overfull \hbox (8.13881pt too wide) in paragraph at lines 4--4
 \OT1/cmr/m/sc/10 Y 
 []


Overfull \hbox (20.05536pt too wide) in paragraph at lines 4--4
 \OT1/cmr/m/sc/10 AN- 
 []


Overfull \hbox (14.6665pt too wide) in paragraph at lines 4--4
 \OT1/cmr/m/sc/10 LI- 
 []


Overfull \hbox (16.27757pt too wide) in paragraph at lines 4--4
 \OT1/cmr/m/sc/10 SIS 
 []


Overfull \hbox (15.70818pt too wide) in paragraph at lines 4--4
 \OT1/cmr/m/sc/10 DE 
 []


Overfull \hbox (19.19424pt too wide) in paragraph at lines 4--4
 \OT1/cmr/m/sc/10 RE- 
 []


Overfull \hbox (24.86086pt too wide) in paragraph at lines 4--4
 \OT1/cmr/m/sc/10 SUL- 
 []


Overfull \hbox (18.90259pt too wide) in paragraph at lines 4--4
 \OT1/cmr/m/sc/10 TA- 
 []


Overfull \hbox (22.847pt too wide) in paragraph at lines 4--4
 \OT1/cmr/m/sc/10 DOS 
 []


Overfull \hbox (8191.99998pt too wide) in paragraph at lines 5--5
 [] 
 []


! LaTeX Error: \begin{document} ended by \end{titlepage}.

See the LaTeX manual or LaTeX Companion for explanation.
Type  H <return>  for immediate help.
 ...                                              
                                                  
l.11 \end{titlepage}
                    
Your command was ignored.
Type  I <command> <return>  to replace it with another command,
or  <return>  to continue without it.

)
! Emergency stop.
<*> separador3.tex
                  
*** (job aborted, no legal \end found)

 
Here is how much of TeX's memory you used:
 11 strings out of 493089
 191 string characters out of 6134842
 53199 words of memory out of 5000000
 3595 multiletter control sequences out of 15000+600000
 3941 words of font info for 15 fonts, out of 8000000 for 9000
 1141 hyphenation exceptions out of 8191
 13i,1n,10p,103b,116s stack positions out of 5000i,500n,10000p,200000b,80000s
!  ==> Fatal error occurred, no output PDF file produced!
